<?xml version="1.0" encoding="UTF-8"?>
<testng-results skipped="0" failed="1" ignored="0" total="4" passed="3">
  <reporter-output>
  </reporter-output>
  <suite name="Suite" duration-ms="85394" started-at="2019-01-25T01:49:28Z" finished-at="2019-01-25T01:50:54Z">
    <groups>
    </groups>
    <test name="HomePageTests" duration-ms="41352" started-at="2019-01-25T01:49:28Z" finished-at="2019-01-25T01:50:09Z">
      <class name="com.ebay.homepage.TestsOnHomepage">
        <test-method status="PASS" signature="setup()[pri:0, instance:com.ebay.homepage.TestsOnHomepage@6a192cfe]" name="setup" is-config="true" duration-ms="32555" started-at="2019-01-25T01:49:29Z" finished-at="2019-01-25T01:50:01Z">
          <reporter-output>
          </reporter-output>
        </test-method> <!-- setup -->
        <test-method status="FAIL" signature="verifyHomePageTitle()[pri:0, instance:com.ebay.homepage.TestsOnHomepage@6a192cfe]" name="verifyHomePageTitle" duration-ms="268" started-at="2019-01-25T01:50:01Z" finished-at="2019-01-25T01:50:02Z">
          <exception class="java.lang.AssertionError">
            <message>
              <![CDATA[expected [abcefe] but found [Electronics, Cars, Fashion, Collectibles, Coupons and More | eBay]]]>
            </message>
            <full-stacktrace>
              <![CDATA[java.lang.AssertionError: expected [abcefe] but found [Electronics, Cars, Fashion, Collectibles, Coupons and More | eBay]
at org.testng.Assert.fail(Assert.java:96)
at org.testng.Assert.failNotEquals(Assert.java:776)
at org.testng.Assert.assertEqualsImpl(Assert.java:137)
at org.testng.Assert.assertEquals(Assert.java:118)
at org.testng.Assert.assertEquals(Assert.java:453)
at org.testng.Assert.assertEquals(Assert.java:463)
at com.ebay.homepage.TestsOnHomepage.verifyHomePageTitle(TestsOnHomepage.java:32)
at sun.reflect.NativeMethodAccessorImpl.invoke0(Native Method)
at sun.reflect.NativeMethodAccessorImpl.invoke(NativeMethodAccessorImpl.java:62)
at sun.reflect.DelegatingMethodAccessorImpl.invoke(DelegatingMethodAccessorImpl.java:43)
at java.lang.reflect.Method.invoke(Method.java:498)
at org.testng.internal.MethodInvocationHelper.invokeMethod(MethodInvocationHelper.java:124)
at org.testng.internal.Invoker.invokeMethod(Invoker.java:583)
at org.testng.internal.Invoker.invokeTestMethod(Invoker.java:719)
at org.testng.internal.Invoker.invokeTestMethods(Invoker.java:989)
at org.testng.internal.TestMethodWorker.invokeTestMethods(TestMethodWorker.java:125)
at org.testng.internal.TestMethodWorker.run(TestMethodWorker.java:109)
at org.testng.TestRunner.privateRun(TestRunner.java:648)
at org.testng.TestRunner.run(TestRunner.java:505)
at org.testng.SuiteRunner.runTest(SuiteRunner.java:455)
at org.testng.SuiteRunner.runSequentially(SuiteRunner.java:450)
at org.testng.SuiteRunner.privateRun(SuiteRunner.java:415)
at org.testng.SuiteRunner.run(SuiteRunner.java:364)
at org.testng.SuiteRunnerWorker.runSuite(SuiteRunnerWorker.java:52)
at org.testng.SuiteRunnerWorker.run(SuiteRunnerWorker.java:84)
at org.testng.TestNG.runSuitesSequentially(TestNG.java:1208)
at org.testng.TestNG.runSuitesLocally(TestNG.java:1137)
at org.testng.TestNG.runSuites(TestNG.java:1049)
at org.testng.TestNG.run(TestNG.java:1017)
at org.apache.maven.surefire.testng.TestNGExecutor.run(TestNGExecutor.java:283)
at org.apache.maven.surefire.testng.TestNGXmlTestSuite.execute(TestNGXmlTestSuite.java:75)
at org.apache.maven.surefire.testng.TestNGProvider.invoke(TestNGProvider.java:120)
at org.apache.maven.surefire.booter.ForkedBooter.invokeProviderInSameClassLoader(ForkedBooter.java:384)
at org.apache.maven.surefire.booter.ForkedBooter.runSuitesInProcess(ForkedBooter.java:345)
at org.apache.maven.surefire.booter.ForkedBooter.execute(ForkedBooter.java:126)
at org.apache.maven.surefire.booter.ForkedBooter.main(ForkedBooter.java:418)
]]>
            </full-stacktrace>
          </exception> <!-- java.lang.AssertionError -->
          <reporter-output>
          </reporter-output>
        </test-method> <!-- verifyHomePageTitle -->
        <test-method status="PASS" signature="verifyNavigationBar()[pri:0, instance:com.ebay.homepage.TestsOnHomepage@6a192cfe]" name="verifyNavigationBar" duration-ms="128" started-at="2019-01-25T01:50:02Z" finished-at="2019-01-25T01:50:02Z">
          <reporter-output>
          </reporter-output>
        </test-method> <!-- verifyNavigationBar -->
        <test-method status="PASS" signature="teardown()[pri:0, instance:com.ebay.homepage.TestsOnHomepage@6a192cfe]" name="teardown" is-config="true" duration-ms="7195" started-at="2019-01-25T01:50:02Z" finished-at="2019-01-25T01:50:09Z">
          <reporter-output>
          </reporter-output>
        </test-method> <!-- teardown -->
      </class> <!-- com.ebay.homepage.TestsOnHomepage -->
    </test> <!-- HomePageTests -->
    <test name="LoginPageTests" duration-ms="41897" started-at="2019-01-25T01:50:12Z" finished-at="2019-01-25T01:50:54Z">
      <class name="com.ebay.homepage.TestsOnLoginPage">
        <test-method status="PASS" signature="setup()[pri:0, instance:com.ebay.homepage.TestsOnLoginPage@62150f9e]" name="setup" is-config="true" duration-ms="12735" started-at="2019-01-25T01:50:12Z" finished-at="2019-01-25T01:50:24Z">
          <reporter-output>
          </reporter-output>
        </test-method> <!-- setup -->
        <test-method status="PASS" signature="login(java.lang.String, java.lang.String)[pri:0, instance:com.ebay.homepage.TestsOnLoginPage@62150f9e]" name="login" duration-ms="14043" started-at="2019-01-25T01:50:24Z" data-provider="getData" finished-at="2019-01-25T01:50:38Z">
          <params>
            <param index="0">
              <value>
                <![CDATA[aa@gmail.com]]>
              </value>
            </param>
            <param index="1">
              <value>
                <![CDATA[abcsd2454]]>
              </value>
            </param>
          </params>
          <reporter-output>
          </reporter-output>
        </test-method> <!-- login -->
        <test-method status="PASS" signature="login(java.lang.String, java.lang.String)[pri:0, instance:com.ebay.homepage.TestsOnLoginPage@62150f9e]" name="login" duration-ms="10823" started-at="2019-01-25T01:50:38Z" data-provider="getData" finished-at="2019-01-25T01:50:49Z">
          <params>
            <param index="0">
              <value>
                <![CDATA[bb@gmail.com]]>
              </value>
            </param>
            <param index="1">
              <value>
                <![CDATA[124jkjhjh3]]>
              </value>
            </param>
          </params>
          <reporter-output>
          </reporter-output>
        </test-method> <!-- login -->
        <test-method status="PASS" signature="teardown()[pri:0, instance:com.ebay.homepage.TestsOnLoginPage@62150f9e]" name="teardown" is-config="true" duration-ms="4268" started-at="2019-01-25T01:50:49Z" finished-at="2019-01-25T01:50:54Z">
          <reporter-output>
          </reporter-output>
        </test-method> <!-- teardown -->
      </class> <!-- com.ebay.homepage.TestsOnLoginPage -->
    </test> <!-- LoginPageTests -->
  </suite> <!-- Suite -->
</testng-results>
