<?xml version="1.0" encoding="UTF-8"?>
<testng-results skipped="0" failed="1" ignored="0" total="4" passed="3">
  <reporter-output>
  </reporter-output>
  <suite name="Suite" duration-ms="66331" started-at="2019-01-23T05:10:54Z" finished-at="2019-01-23T05:12:00Z">
    <groups>
    </groups>
    <test name="HomePageTests" duration-ms="26200" started-at="2019-01-23T05:10:54Z" finished-at="2019-01-23T05:11:20Z">
      <class name="com.ebay.homepage.testsOnHomepage">
        <test-method status="PASS" signature="setup()[pri:0, instance:com.ebay.homepage.testsOnHomepage@3febb011]" name="setup" is-config="true" duration-ms="20354" started-at="2019-01-23T05:10:54Z" finished-at="2019-01-23T05:11:14Z">
          <reporter-output>
          </reporter-output>
        </test-method> <!-- setup -->
        <test-method status="FAIL" signature="verifyHomePageTitle()[pri:0, instance:com.ebay.homepage.testsOnHomepage@3febb011]" name="verifyHomePageTitle" duration-ms="317" started-at="2019-01-23T05:11:14Z" finished-at="2019-01-23T05:11:14Z">
          <exception class="java.lang.AssertionError">
            <message>
              <![CDATA[expected [abcefe] but found [Electronics, Cars, Fashion, Collectibles, Coupons and More | eBay]]]>
            </message>
            <full-stacktrace>
              <![CDATA[java.lang.AssertionError: expected [abcefe] but found [Electronics, Cars, Fashion, Collectibles, Coupons and More | eBay]
at org.testng.Assert.fail(Assert.java:96)
at org.testng.Assert.failNotEquals(Assert.java:776)
at org.testng.Assert.assertEqualsImpl(Assert.java:137)
at org.testng.Assert.assertEquals(Assert.java:118)
at org.testng.Assert.assertEquals(Assert.java:453)
at org.testng.Assert.assertEquals(Assert.java:463)
at com.ebay.homepage.testsOnHomepage.verifyHomePageTitle(testsOnHomepage.java:35)
at sun.reflect.NativeMethodAccessorImpl.invoke0(Native Method)
at sun.reflect.NativeMethodAccessorImpl.invoke(Unknown Source)
at sun.reflect.DelegatingMethodAccessorImpl.invoke(Unknown Source)
at java.lang.reflect.Method.invoke(Unknown Source)
at org.testng.internal.MethodInvocationHelper.invokeMethod(MethodInvocationHelper.java:124)
at org.testng.internal.Invoker.invokeMethod(Invoker.java:583)
at org.testng.internal.Invoker.invokeTestMethod(Invoker.java:719)
at org.testng.internal.Invoker.invokeTestMethods(Invoker.java:989)
at org.testng.internal.TestMethodWorker.invokeTestMethods(TestMethodWorker.java:125)
at org.testng.internal.TestMethodWorker.run(TestMethodWorker.java:109)
at org.testng.TestRunner.privateRun(TestRunner.java:648)
at org.testng.TestRunner.run(TestRunner.java:505)
at org.testng.SuiteRunner.runTest(SuiteRunner.java:455)
at org.testng.SuiteRunner.runSequentially(SuiteRunner.java:450)
at org.testng.SuiteRunner.privateRun(SuiteRunner.java:415)
at org.testng.SuiteRunner.run(SuiteRunner.java:364)
at org.testng.SuiteRunnerWorker.runSuite(SuiteRunnerWorker.java:52)
at org.testng.SuiteRunnerWorker.run(SuiteRunnerWorker.java:84)
at org.testng.TestNG.runSuitesSequentially(TestNG.java:1208)
at org.testng.TestNG.runSuitesLocally(TestNG.java:1137)
at org.testng.TestNG.runSuites(TestNG.java:1049)
at org.testng.TestNG.run(TestNG.java:1017)
at org.testng.remote.AbstractRemoteTestNG.run(AbstractRemoteTestNG.java:114)
at org.testng.remote.RemoteTestNG.initAndRun(RemoteTestNG.java:251)
at org.testng.remote.RemoteTestNG.main(RemoteTestNG.java:77)
]]>
            </full-stacktrace>
          </exception> <!-- java.lang.AssertionError -->
          <reporter-output>
          </reporter-output>
        </test-method> <!-- verifyHomePageTitle -->
        <test-method status="PASS" signature="verifyNavigationBar()[pri:0, instance:com.ebay.homepage.testsOnHomepage@3febb011]" name="verifyNavigationBar" duration-ms="60" started-at="2019-01-23T05:11:15Z" finished-at="2019-01-23T05:11:15Z">
          <reporter-output>
          </reporter-output>
        </test-method> <!-- verifyNavigationBar -->
        <test-method status="PASS" signature="teardown()[pri:0, instance:com.ebay.homepage.testsOnHomepage@3febb011]" name="teardown" is-config="true" duration-ms="4501" started-at="2019-01-23T05:11:15Z" finished-at="2019-01-23T05:11:20Z">
          <reporter-output>
          </reporter-output>
        </test-method> <!-- teardown -->
      </class> <!-- com.ebay.homepage.testsOnHomepage -->
    </test> <!-- HomePageTests -->
    <test name="LoginPageTests" duration-ms="39844" started-at="2019-01-23T05:11:20Z" finished-at="2019-01-23T05:12:00Z">
      <class name="com.ebay.homepage.testsOnLoginPage">
        <test-method status="PASS" signature="setup()[pri:0, instance:com.ebay.homepage.testsOnLoginPage@38d8f54a]" name="setup" is-config="true" duration-ms="9888" started-at="2019-01-23T05:11:20Z" finished-at="2019-01-23T05:11:30Z">
          <reporter-output>
          </reporter-output>
        </test-method> <!-- setup -->
        <test-method status="PASS" signature="login(java.lang.String, java.lang.String)[pri:0, instance:com.ebay.homepage.testsOnLoginPage@38d8f54a]" name="login" duration-ms="15882" started-at="2019-01-23T05:11:30Z" data-provider="getData" finished-at="2019-01-23T05:11:46Z">
          <params>
            <param index="0">
              <value>
                <![CDATA[aa@gmail.com]]>
              </value>
            </param>
            <param index="1">
              <value>
                <![CDATA[abcsd2454]]>
              </value>
            </param>
          </params>
          <reporter-output>
          </reporter-output>
        </test-method> <!-- login -->
        <test-method status="PASS" signature="login(java.lang.String, java.lang.String)[pri:0, instance:com.ebay.homepage.testsOnLoginPage@38d8f54a]" name="login" duration-ms="9613" started-at="2019-01-23T05:11:46Z" data-provider="getData" finished-at="2019-01-23T05:11:56Z">
          <params>
            <param index="0">
              <value>
                <![CDATA[bb@gmail.com]]>
              </value>
            </param>
            <param index="1">
              <value>
                <![CDATA[124jkjhjh3]]>
              </value>
            </param>
          </params>
          <reporter-output>
          </reporter-output>
        </test-method> <!-- login -->
        <test-method status="PASS" signature="teardown()[pri:0, instance:com.ebay.homepage.testsOnLoginPage@38d8f54a]" name="teardown" is-config="true" duration-ms="4428" started-at="2019-01-23T05:11:56Z" finished-at="2019-01-23T05:12:00Z">
          <reporter-output>
          </reporter-output>
        </test-method> <!-- teardown -->
      </class> <!-- com.ebay.homepage.testsOnLoginPage -->
    </test> <!-- LoginPageTests -->
  </suite> <!-- Suite -->
</testng-results>
